<?xml version="1.0" encoding="UTF-8"?>
<!-- Generated by org.testng.reporters.JUnitReportReporter -->
<testsuite hostname="DESKTOP-CBR52A2" failures="0" tests="4" name="TestCases.LoginPageTest" time="27.326" errors="0" timestamp="2022-08-14T13:14:28 IST" skipped="0">
  <testcase classname="TestCases.LoginPageTest" name="verifyappTitleTest" time="4.413"/>
  <system-out/>
  <testcase classname="TestCases.LoginPageTest" name="verifyKiteLogoTest" time="10.498"/>
  <system-out/>
  <testcase classname="TestCases.LoginPageTest" name="loginZerodhaappTest" time="8.030"/>
  <system-out/>
  <testcase classname="TestCases.LoginPageTest" name="verifyKiteLabelTest" time="4.385"/>
  <system-out/>
</testsuite> <!-- TestCases.LoginPageTest -->
